<?xml version="1.0" encoding="UTF-8" ?>
<testsuites>
<testsuite name="test" errors="0" tests="1" failures="1" time="0.005" timestamp="2018-09-28T10:04:07">
  <testcase classname="test" name="encountered a declaration exception" time="0.004"><failure type="expect" message="TypeError: index_1.test is not a function">TypeError: index_1.test is not a function
    at jasmine.Suite.describe (/mnt/c/Development/quobject.visualstudio.com/quhnb/div/research/tsnodebase/dist/index.spec.js:7:13)
    at jasmine.Env.describe_ (/mnt/c/Development/quobject.visualstudio.com/quhnb/div/research/tsnodebase/node_modules/jasmine-node/lib/jasmine-node/jasmine-1.3.1.js:884:21)
    at jasmine.Env.describe (/mnt/c/Development/quobject.visualstudio.com/quhnb/div/research/tsnodebase/node_modules/jasmine-node/lib/jasmine-node/jasmine-1.3.1.js:869:15)
    at describe (/mnt/c/Development/quobject.visualstudio.com/quhnb/div/research/tsnodebase/node_modules/jasmine-node/lib/jasmine-node/jasmine-1.3.1.js:629:27)
    at Object.&amp;lt;anonymous&amp;gt; (/mnt/c/Development/quobject.visualstudio.com/quhnb/div/research/tsnodebase/dist/index.spec.js:6:1)
    at Module._compile (module.js:653:30)
    at Object.Module._extensions..js (module.js:664:10)
    at Module.load (module.js:566:32)
    at tryModuleLoad (module.js:506:12)
    at Function.Module._load (module.js:498:3)</failure></testcase>
</testsuite>
</testsuites>