<?xml version="1.0" encoding="UTF-8" ?>
<testsuites>
<testsuite name="createMongoImports" errors="0" tests="0" failures="0" time="0" timestamp="2018-09-28T10:04:15">
</testsuite>
</testsuites>